[debug] [2025-11-25T11:04:22.324Z] ----------------------------------------------------------------------
[debug] [2025-11-25T11:04:22.334Z] Command:       /nix/store/ixbb20farqh1f4fqbmsn6b1ixn8mc8ij-nodejs-20.18.1/bin/node /home/user/.global_modules/bin/firebase init hosting
[debug] [2025-11-25T11:04:22.334Z] CLI Version:   14.26.0
[debug] [2025-11-25T11:04:22.335Z] Platform:      linux
[debug] [2025-11-25T11:04:22.335Z] Node Version:  v20.18.1
[debug] [2025-11-25T11:04:22.335Z] Time:          Tue Nov 25 2025 11:04:22 GMT+0000 (Coordinated Universal Time)
[debug] [2025-11-25T11:04:22.335Z] ----------------------------------------------------------------------
[debug] 
[debug] [2025-11-25T11:04:22.338Z] >>> [apiv2][query] GET https://firebase-public.firebaseio.com/cli.json [none]
[debug] [2025-11-25T11:04:22.436Z] Checked if tokens are valid: true, expires at: 1764071975355
[debug] [2025-11-25T11:04:22.436Z] Checked if tokens are valid: true, expires at: 1764071975355
[debug] [2025-11-25T11:04:22.441Z] >>> [apiv2][query] GET https://monospace-pa.googleapis.com/v1/workspaces/rentacar-reservation-82828391 [none]
[debug] [2025-11-25T11:04:22.794Z] <<< [apiv2][status] GET https://firebase-public.firebaseio.com/cli.json 200
[debug] [2025-11-25T11:04:22.795Z] <<< [apiv2][body] GET https://firebase-public.firebaseio.com/cli.json {"cloudBuildErrorAfter":1594252800000,"cloudBuildWarnAfter":1590019200000,"defaultNode10After":1594252800000,"minVersion":"3.0.5","node8DeploysDisabledAfter":1613390400000,"node8RuntimeDisabledAfter":1615809600000,"node8WarnAfter":1600128000000}
[debug] [2025-11-25T11:04:23.379Z] <<< [apiv2][status] GET https://monospace-pa.googleapis.com/v1/workspaces/rentacar-reservation-82828391 200
[debug] [2025-11-25T11:04:23.380Z] <<< [apiv2][body] GET https://monospace-pa.googleapis.com/v1/workspaces/rentacar-reservation-82828391 {"workspaceId":"rentacar-reservation-82828391","name":"rentacar-reservation","workspaceRedirectUrl":"firebase-rentacar-reservation-1764061173920.cluster-cd3bsnf6r5bemwki2bxljme5as.cloudworkstations.dev","status":"WORKSPACE_STATUS_RUNNING","lastAccessDatetime":"2025-11-25T11:03:27.709231Z","workspaceTemplate":"WORKSPACE_TEMPLATE_BLANK_WEB","owner":"SELF","serviceAccountEmail":"msp-5686283620258567995@monospace-2.iam.gserviceaccount.com","enableNix":true,"ownerEmail":"akio.jcoltd@gmail.com","workspaceImageUrl":"https://www.gstatic.com/monospace/231115/logo_nextjs.svg","templateArgs":"{\"language\":\"js\",\"srcDir\":true,\"eslint\":false,\"app\":true,\"tailwind\":false,\"__agentic_workspace\":true}","templateRepoUrl":"file:///usr/local/monospace/templates/public/nextjs","workstationAccessToken":"eyJhbGciOiJSUzI1NiIsInR5cCI6IkpXVCJ9.eyJpc3MiOiJodHRwczovL2Nsb3VkLmdvb2dsZS5jb20vd29ya3N0YXRpb25zIiwiYXVkIjoiZmlyZWJhc2UtcmVudGFjYXItcmVzZXJ2YXRpb24tMTc2NDA2MTE3MzkyMC5jbHVzdGVyLWNkM2JzbmY2cjViZW13a2kyYnhsam1lNWFzLmNsb3Vkd29ya3N0YXRpb25zLmRldiIsImlhdCI6MTc2NDA2ODY2MywiZXhwIjoxNzY0MTU1MDYzfQ.A6tKcTAL9ZWlfqrGn-52JCOXGvoPdGxl0nSUr9iMRUYaQxrP29v0W2X9zOgZK8dBH8u98X1mmXm-hKIPCXNJe26Rk5Hi1ZKgaS5-wRf3XoAe2gMbqms50k6SX-GrqrZ-_UY0rrYGlzOlIFAN4Pj7w2zqA115MtjRNHSkkDH0Er0P2AxY6h8UfB4qTWcSNsrq-nXYezcBZbxzyw24teEf0xQrZdfYL-OCvywtciRWeYuHF6jwnff9jONhvIwx2A-ZHomeszntaNN1Zstc4or1Fi4lbJoH3aqvpsqLp55Foy-AlD71oAAFu08S1SHAWf9-ht-Xp-ZPFLrEBD2bQuJ7sw"}
[info] 
     ######## #### ########  ######## ########     ###     ######  ########
     ##        ##  ##     ## ##       ##     ##  ##   ##  ##       ##
     ######    ##  ########  ######   ########  #########  ######  ######
     ##        ##  ##    ##  ##       ##     ## ##     ##       ## ##
     ##       #### ##     ## ######## ########  ##     ##  ######  ########

You're about to initialize a Firebase project in this directory:

  /home/user/rentacar-reservation

[info] 
=== Project Setup
[info] 
[info] First, let's associate this project directory with a Firebase project.
[info] You can create multiple project aliases by running firebase use --add, 
[info] 
[error] Failed to fetch Firebase Project from Studio Workspace because WORKSPACE_SLUG environment variable is empty
[error] Failed to fetch Firebase Project from Studio Workspace because WORKSPACE_SLUG environment variable is empty
[error] Failed to fetch Firebase Project from Studio Workspace because WORKSPACE_SLUG environment variable is empty
[error] Failed to fetch Firebase Project from Studio Workspace because WORKSPACE_SLUG environment variable is empty
[debug] [2025-11-25T11:21:04.258Z] > command requires scopes: ["email","openid","https://www.googleapis.com/auth/cloudplatformprojects.readonly","https://www.googleapis.com/auth/firebase","https://www.googleapis.com/auth/cloud-platform","https://www.googleapis.com/auth/userinfo.email"]
[debug] [2025-11-25T11:21:04.259Z] > authorizing via signed-in user (akio.jcoltd@gmail.com)
[debug] [2025-11-25T11:21:04.284Z] > command requires scopes: ["email","openid","https://www.googleapis.com/auth/cloudplatformprojects.readonly","https://www.googleapis.com/auth/firebase","https://www.googleapis.com/auth/cloud-platform","https://www.googleapis.com/auth/userinfo.email"]
[debug] [2025-11-25T11:21:04.284Z] > authorizing via signed-in user (akio.jcoltd@gmail.com)
[error] Failed to fetch Firebase Project from Studio Workspace because WORKSPACE_SLUG environment variable is empty
[error] Failed to fetch Firebase Project from Studio Workspace because WORKSPACE_SLUG environment variable is empty
[error] Failed to fetch Firebase Project from Studio Workspace because WORKSPACE_SLUG environment variable is empty
[debug] [2025-11-25T11:21:04.397Z] > command requires scopes: ["email","openid","https://www.googleapis.com/auth/cloudplatformprojects.readonly","https://www.googleapis.com/auth/firebase","https://www.googleapis.com/auth/cloud-platform","https://www.googleapis.com/auth/userinfo.email"]
[debug] [2025-11-25T11:21:04.406Z] > authorizing via signed-in user (akio.jcoltd@gmail.com)
[error] Failed to fetch Firebase Project from Studio Workspace because WORKSPACE_SLUG environment variable is empty
[debug] [2025-11-25T11:21:04.411Z] > command requires scopes: ["email","openid","https://www.googleapis.com/auth/cloudplatformprojects.readonly","https://www.googleapis.com/auth/firebase","https://www.googleapis.com/auth/cloud-platform","https://www.googleapis.com/auth/userinfo.email"]
[debug] [2025-11-25T11:21:04.411Z] > authorizing via signed-in user (akio.jcoltd@gmail.com)
[error] Failed to fetch Firebase Project from Studio Workspace because WORKSPACE_SLUG environment variable is empty
[error] Failed to fetch Firebase Project from Studio Workspace because WORKSPACE_SLUG environment variable is empty
[error] Failed to fetch Firebase Project from Studio Workspace because WORKSPACE_SLUG environment variable is empty
[debug] [2025-11-25T11:21:04.437Z] > command requires scopes: ["email","openid","https://www.googleapis.com/auth/cloudplatformprojects.readonly","https://www.googleapis.com/auth/firebase","https://www.googleapis.com/auth/cloud-platform","https://www.googleapis.com/auth/userinfo.email"]
[debug] [2025-11-25T11:21:04.439Z] > authorizing via signed-in user (akio.jcoltd@gmail.com)
[error] Failed to fetch Firebase Project from Studio Workspace because WORKSPACE_SLUG environment variable is empty
[debug] [2025-11-25T11:21:04.443Z] > command requires scopes: ["email","openid","https://www.googleapis.com/auth/cloudplatformprojects.readonly","https://www.googleapis.com/auth/firebase","https://www.googleapis.com/auth/cloud-platform","https://www.googleapis.com/auth/userinfo.email"]
[debug] [2025-11-25T11:21:04.443Z] > authorizing via signed-in user (akio.jcoltd@gmail.com)
[error] Failed to fetch Firebase Project from Studio Workspace because WORKSPACE_SLUG environment variable is empty
[error] Failed to fetch Firebase Project from Studio Workspace because WORKSPACE_SLUG environment variable is empty
[error] Failed to fetch Firebase Project from Studio Workspace because WORKSPACE_SLUG environment variable is empty
[debug] [2025-11-25T11:21:04.449Z] > command requires scopes: ["email","openid","https://www.googleapis.com/auth/cloudplatformprojects.readonly","https://www.googleapis.com/auth/firebase","https://www.googleapis.com/auth/cloud-platform","https://www.googleapis.com/auth/userinfo.email"]
[debug] [2025-11-25T11:21:04.449Z] > authorizing via signed-in user (akio.jcoltd@gmail.com)
[error] Failed to fetch Firebase Project from Studio Workspace because WORKSPACE_SLUG environment variable is empty
[debug] [2025-11-25T11:21:04.451Z] > command requires scopes: ["email","openid","https://www.googleapis.com/auth/cloudplatformprojects.readonly","https://www.googleapis.com/auth/firebase","https://www.googleapis.com/auth/cloud-platform","https://www.googleapis.com/auth/userinfo.email"]
[debug] [2025-11-25T11:21:04.451Z] > authorizing via signed-in user (akio.jcoltd@gmail.com)
[error] Failed to fetch Firebase Project from Studio Workspace because WORKSPACE_SLUG environment variable is empty
[error] Failed to fetch Firebase Project from Studio Workspace because WORKSPACE_SLUG environment variable is empty
[error] Failed to fetch Firebase Project from Studio Workspace because WORKSPACE_SLUG environment variable is empty
[error] Failed to fetch Firebase Project from Studio Workspace because WORKSPACE_SLUG environment variable is empty
[debug] [2025-11-25T11:27:58.993Z] > command requires scopes: ["email","openid","https://www.googleapis.com/auth/cloudplatformprojects.readonly","https://www.googleapis.com/auth/firebase","https://www.googleapis.com/auth/cloud-platform","https://www.googleapis.com/auth/userinfo.email"]
[debug] [2025-11-25T11:27:58.994Z] > authorizing via signed-in user (akio.jcoltd@gmail.com)
[debug] [2025-11-25T11:27:59.021Z] > command requires scopes: ["email","openid","https://www.googleapis.com/auth/cloudplatformprojects.readonly","https://www.googleapis.com/auth/firebase","https://www.googleapis.com/auth/cloud-platform","https://www.googleapis.com/auth/userinfo.email"]
[debug] [2025-11-25T11:27:59.022Z] > authorizing via signed-in user (akio.jcoltd@gmail.com)
[error] Failed to fetch Firebase Project from Studio Workspace because WORKSPACE_SLUG environment variable is empty
[error] Failed to fetch Firebase Project from Studio Workspace because WORKSPACE_SLUG environment variable is empty
[error] Failed to fetch Firebase Project from Studio Workspace because WORKSPACE_SLUG environment variable is empty
[debug] [2025-11-25T11:27:59.171Z] > command requires scopes: ["email","openid","https://www.googleapis.com/auth/cloudplatformprojects.readonly","https://www.googleapis.com/auth/firebase","https://www.googleapis.com/auth/cloud-platform","https://www.googleapis.com/auth/userinfo.email"]
[debug] [2025-11-25T11:27:59.171Z] > authorizing via signed-in user (akio.jcoltd@gmail.com)
[error] Failed to fetch Firebase Project from Studio Workspace because WORKSPACE_SLUG environment variable is empty
[debug] [2025-11-25T11:27:59.174Z] > command requires scopes: ["email","openid","https://www.googleapis.com/auth/cloudplatformprojects.readonly","https://www.googleapis.com/auth/firebase","https://www.googleapis.com/auth/cloud-platform","https://www.googleapis.com/auth/userinfo.email"]
[debug] [2025-11-25T11:27:59.174Z] > authorizing via signed-in user (akio.jcoltd@gmail.com)
[error] Failed to fetch Firebase Project from Studio Workspace because WORKSPACE_SLUG environment variable is empty
[error] Failed to fetch Firebase Project from Studio Workspace because WORKSPACE_SLUG environment variable is empty
[error] Failed to fetch Firebase Project from Studio Workspace because WORKSPACE_SLUG environment variable is empty
[debug] [2025-11-25T11:27:59.191Z] > command requires scopes: ["email","openid","https://www.googleapis.com/auth/cloudplatformprojects.readonly","https://www.googleapis.com/auth/firebase","https://www.googleapis.com/auth/cloud-platform","https://www.googleapis.com/auth/userinfo.email"]
[debug] [2025-11-25T11:27:59.191Z] > authorizing via signed-in user (akio.jcoltd@gmail.com)
[error] Failed to fetch Firebase Project from Studio Workspace because WORKSPACE_SLUG environment variable is empty
[debug] [2025-11-25T11:27:59.196Z] > command requires scopes: ["email","openid","https://www.googleapis.com/auth/cloudplatformprojects.readonly","https://www.googleapis.com/auth/firebase","https://www.googleapis.com/auth/cloud-platform","https://www.googleapis.com/auth/userinfo.email"]
[debug] [2025-11-25T11:27:59.196Z] > authorizing via signed-in user (akio.jcoltd@gmail.com)
[error] Failed to fetch Firebase Project from Studio Workspace because WORKSPACE_SLUG environment variable is empty
[error] Failed to fetch Firebase Project from Studio Workspace because WORKSPACE_SLUG environment variable is empty
[error] Failed to fetch Firebase Project from Studio Workspace because WORKSPACE_SLUG environment variable is empty
[debug] [2025-11-25T11:27:59.206Z] > command requires scopes: ["email","openid","https://www.googleapis.com/auth/cloudplatformprojects.readonly","https://www.googleapis.com/auth/firebase","https://www.googleapis.com/auth/cloud-platform","https://www.googleapis.com/auth/userinfo.email"]
[debug] [2025-11-25T11:27:59.206Z] > authorizing via signed-in user (akio.jcoltd@gmail.com)
[error] Failed to fetch Firebase Project from Studio Workspace because WORKSPACE_SLUG environment variable is empty
[debug] [2025-11-25T11:27:59.209Z] > command requires scopes: ["email","openid","https://www.googleapis.com/auth/cloudplatformprojects.readonly","https://www.googleapis.com/auth/firebase","https://www.googleapis.com/auth/cloud-platform","https://www.googleapis.com/auth/userinfo.email"]
[debug] [2025-11-25T11:27:59.210Z] > authorizing via signed-in user (akio.jcoltd@gmail.com)
